[2017-11-19 20:37:50]	D:\ﾗﾊﾁﾏ\ｳﾌﾐ\Java\WordSegmentation\Data\NLPIR.user Not valid license or your license expired! Please feel free to contact pipy_zhang@msn.com! 
[2017-11-19 20:39:11]	D:\ﾗﾊﾁﾏ\ｳﾌﾐ\Java\WordSegmentation\Data\NLPIR.user Not valid license or your license expired! Please feel free to contact pipy_zhang@msn.com! 
[2017-11-19 20:40:05]	D:\ﾗﾊﾁﾏ\ｳﾌﾐ\Java\WordSegmentation\Data\NLPIR.user Not valid license or your license expired! Please feel free to contact pipy_zhang@msn.com! 
[2017-11-19 20:40:54]	D:\ﾗﾊﾁﾏ\ｳﾌﾐ\Java\WordSegmentation\Data\NLPIR.user Not valid license or your license expired! Please feel free to contact pipy_zhang@msn.com! 
[2017-11-19 20:41:49]	D:\ﾗﾊﾁﾏ\ｳﾌﾐ\Java\WordSegmentation\Data\NLPIR.user Not valid license or your license expired! Please feel free to contact pipy_zhang@msn.com! 
[2017-11-19 20:46:47]	Cannot open file 
[2017-11-19 20:46:47]	D:\ﾗﾊﾁﾏ\ｳﾌﾐ\Java\WordSegmentation\Data\KeyBlackList.pdat
[2017-11-19 20:52:18]	Cannot open file 
[2017-11-19 20:52:18]	D:\ﾗﾊﾁﾏ\ｳﾌﾐ\Java\WordSegmentation\Data\KeyBlackList.pdat
[2017-11-19 20:52:32]	Cannot open file 
[2017-11-19 20:52:32]	D:\ﾗﾊﾁﾏ\ｳﾌﾐ\Java\WordSegmentation\Data\KeyBlackList.pdat
[2017-11-19 20:55:39]	Cannot open file 
[2017-11-19 20:55:39]	D:\ﾗﾊﾁﾏ\ｳﾌﾐ\Java\WordSegmentation\Data\KeyBlackList.pdat
[2017-11-19 21:01:17]	Cannot open file 
[2017-11-19 21:01:17]	D:\ﾗﾊﾁﾏ\ｳﾌﾐ\Java\WordSegmentation\Data\KeyBlackList.pdat
[2017-11-19 21:01:17]	Failed Open file Failed Open file 
[2017-11-19 21:01:17]	Error read file
[2017-11-19 21:01:17]	D:\襍譁兔遞句ｺ十Java\WordSegmentation\source\userdic.txt
[2017-11-19 21:02:10]	Cannot open file 
[2017-11-19 21:02:10]	D:\ﾗﾊﾁﾏ\ｳﾌﾐ\Java\WordSegmentation\Data\KeyBlackList.pdat
[2017-11-19 21:02:10]	Error read file
[2017-11-19 21:02:10]	D:\襍譁兔遞句ｺ十Java\WordSegmentation\source\userdic.txt
[2017-11-19 21:04:23]	Cannot open file 
[2017-11-19 21:04:23]	D:\ﾗﾊﾁﾏ\ｳﾌﾐ\Java\WordSegmentation\Data\KeyBlackList.pdat
[2017-11-19 21:04:23]	Error read file
[2017-11-19 21:04:23]	D:\襍譁兔遞句ｺ十Java\WordSegmentation\source\userdic.txt
[2017-11-19 21:05:15]	Cannot open file 
[2017-11-19 21:05:15]	D:\ﾗﾊﾁﾏ\ｳﾌﾐ\Java\WordSegmentation\Data\KeyBlackList.pdat
[2017-11-19 21:05:15]	Error read file
[2017-11-19 21:05:15]	D:\襍譁兔遞句ｺ十Java\WordSegmentation\source\userdic.txt
[2017-11-19 21:27:41]	Cannot open file 
[2017-11-19 21:27:41]	D:\ﾗﾊﾁﾏ\ｳﾌﾐ\Java\WordSegmentation\Data\KeyBlackList.pdat
[2017-11-19 21:27:41]	Error read file
[2017-11-19 21:27:41]	D:\襍譁兔遞句ｺ十Java\WordSegmentation\source\userDic.txt
[2017-11-19 21:30:28]	Cannot open file 
[2017-11-19 21:30:28]	D:\ﾗﾊﾁﾏ\ｳﾌﾐ\Java\WordSegmentation\Data\KeyBlackList.pdat
[2017-11-19 21:30:28]	Error read file
[2017-11-19 21:30:28]	D:\襍譁兔遞句ｺ十Java\WordSegmentation\source\userDic.txt
[2017-11-19 21:33:51]	Cannot open file 
[2017-11-19 21:33:51]	D:\ﾗﾊﾁﾏ\ｳﾌﾐ\Java\WordSegmentation\Data\KeyBlackList.pdat
[2017-11-19 21:33:52]	Error read file
[2017-11-19 21:33:52]	D:\襍譁兔遞句ｺ十Java\WordSegmentation\source\userDic.txt
[2017-11-19 21:35:23]	Cannot open file 
[2017-11-19 21:35:23]	D:\ﾗﾊﾁﾏ\ｳﾌﾐ\Java\WordSegmentation\Data\KeyBlackList.pdat
[2017-11-19 21:35:23]	Error read file
[2017-11-19 21:35:23]	D:\襍譁兔遞句ｺ十Java\WordSegmentation\source\userDic.txt
[2017-11-19 21:50:58]	Cannot open file 
[2017-11-19 21:50:58]	D:\ﾗﾊﾁﾏ\ｳﾌﾐ\Java\WordSegmentation\Data\KeyBlackList.pdat
[2017-11-19 21:50:58]	Error read file
[2017-11-19 21:50:58]	D:\襍譁兔遞句ｺ十Java\WordSegmentation\source\userDic.txt
[2017-11-19 21:52:10]	Cannot open file 
[2017-11-19 21:52:10]	D:\ﾗﾊﾁﾏ\ｳﾌﾐ\Java\WordSegmentation\Data\KeyBlackList.pdat
[2017-11-19 21:52:10]	Error read file
[2017-11-19 21:52:10]	D:\襍譁兔遞句ｺ十Java\WordSegmentation\source\userDic.txt
